<?xml version="1.0" encoding="UTF-8"?>
<!-- Generated by org.testng.reporters.JUnitXMLReporter -->
<testsuite hostname="ACURUS173" ignored="0" name="ResumeTracker" tests="1" failures="1" timestamp="29 Dec 2020 04:22:55 GMT" time="6.724" errors="0">
  <testcase name="Logintest" time="0.007" classname="PageTest.LoginTest">
    <failure type="java.lang.AbstractMethodError">
      <![CDATA[java.lang.AbstractMethodError
... Removed 22 stack frames]]>
    </failure>
  </testcase> <!-- Logintest -->
</testsuite> <!-- ResumeTracker -->
