<?xml version="1.0" encoding="UTF-8"?>
<!-- Generated by org.testng.reporters.JUnitXMLReporter -->
<testsuite hostname="ACURUS173" ignored="0" name="ResumeTracker" tests="1" failures="1" timestamp="09 Feb 2021 05:28:05 GMT" time="4.698" errors="0">
  <testcase name="Logintest" time="0.007" classname="PageTest.LoginTest">
    <failure type="java.lang.AbstractMethodError">
      <![CDATA[java.lang.AbstractMethodError
at java.util.concurrent.ThreadPoolExecutor.runWorker(ThreadPoolExecutor.java:1149)
at java.util.concurrent.ThreadPoolExecutor$Worker.run(ThreadPoolExecutor.java:624)
at java.lang.Thread.run(Thread.java:748)
... Removed 7 stack frames]]>
    </failure>
  </testcase> <!-- Logintest -->
</testsuite> <!-- ResumeTracker -->
