<?xml version="1.0" encoding="UTF-8"?>
<!-- Generated by org.testng.reporters.JUnitXMLReporter -->
<testsuite ignored="0" hostname="DESKTOP-HR5OPSO" failures="3" tests="3" name="ResumeTracker(failed)" time="34.306" errors="0" timestamp="2020-11-08T16:17:04 IST">
  <testcase classname="org.AcurusResume.PageTest.LoginTestExcel" name="LoginDDT" time="3.818">
    <failure type="java.lang.AssertionError" message="expected [true] but found [false]">
      <![CDATA[java.lang.AssertionError: expected [true] but found [false]
at org.AcurusResume.PageTest.LoginTestExcel.LoginDDT(LoginTestExcel.java:47)
at java.base/java.util.ArrayList.forEach(ArrayList.java:1511)
... Removed 31 stack frames]]>
    </failure>
  </testcase> <!-- LoginDDT -->
  <testcase classname="org.AcurusResume.PageTest.LoginTestExcel" name="LoginDDT" time="2.518">
    <failure type="java.lang.AssertionError" message="expected [true] but found [false]">
      <![CDATA[java.lang.AssertionError: expected [true] but found [false]
at org.AcurusResume.PageTest.LoginTestExcel.LoginDDT(LoginTestExcel.java:47)
at java.base/java.util.ArrayList.forEach(ArrayList.java:1511)
... Removed 31 stack frames]]>
    </failure>
  </testcase> <!-- LoginDDT -->
  <testcase classname="org.AcurusResume.PageTest.LoginTestExcel" name="LoginDDT" time="4.331">
    <failure type="java.lang.AssertionError" message="expected [true] but found [false]">
      <![CDATA[java.lang.AssertionError: expected [true] but found [false]
at org.AcurusResume.PageTest.LoginTestExcel.LoginDDT(LoginTestExcel.java:47)
at java.base/java.util.ArrayList.forEach(ArrayList.java:1511)
... Removed 31 stack frames]]>
    </failure>
  </testcase> <!-- LoginDDT -->
</testsuite> <!-- ResumeTracker(failed) -->
