-------------------------------------------------------------------------------
Test set: TestSuite
-------------------------------------------------------------------------------
Tests run: 4, Failures: 1, Errors: 0, Skipped: 3, Time elapsed: 47.178 s <<< FAILURE! - in TestSuite
org.AcurusResume.PageTest.LoginTest.Logintest  Time elapsed: 3.595 s  <<< FAILURE!
java.lang.AssertionError: expected [true] but found [false]
	at org.AcurusResume.PageTest.LoginTest.Logintest(LoginTest.java:41)

