<?xml version="1.0" encoding="UTF-8"?>
<testng-results ignored="0" total="1" passed="1" failed="0" skipped="0">
  <reporter-output>
  </reporter-output>
  <suite started-at="2020-11-10T18:35:19 IST" name="AcurusResume" finished-at="2020-11-10T18:35:38 IST" duration-ms="19093">
    <groups>
    </groups>
    <test started-at="2020-11-10T18:35:19 IST" name="ResumeTracker" finished-at="2020-11-10T18:35:38 IST" duration-ms="19093">
      <class name="org.AcurusResume.PageTest.LoginTest">
        <test-method is-config="true" signature="setUp(java.lang.String)[pri:0, instance:org.AcurusResume.PageTest.LoginTest@13c10b87]" started-at="2020-11-10T18:35:19 IST" name="setUp" finished-at="2020-11-10T18:35:27 IST" duration-ms="8033" status="PASS">
          <params>
            <param index="0">
              <value>
                <![CDATA[chrome]]>
              </value>
            </param>
          </params>
          <reporter-output>
          </reporter-output>
        </test-method> <!-- setUp -->
        <test-method is-config="true" signature="GetUrl()[pri:0, instance:org.AcurusResume.PageTest.LoginTest@13c10b87]" started-at="2020-11-10T18:35:27 IST" name="GetUrl" finished-at="2020-11-10T18:35:33 IST" duration-ms="5438" status="PASS">
          <reporter-output>
          </reporter-output>
        </test-method> <!-- GetUrl -->
        <test-method signature="Logintest()[pri:0, instance:org.AcurusResume.PageTest.LoginTest@13c10b87]" started-at="2020-11-10T18:35:33 IST" name="Logintest" finished-at="2020-11-10T18:35:37 IST" duration-ms="4004" status="PASS">
          <reporter-output>
          </reporter-output>
        </test-method> <!-- Logintest -->
        <test-method is-config="true" signature="DeleteCookies()[pri:0, instance:org.AcurusResume.PageTest.LoginTest@13c10b87]" started-at="2020-11-10T18:35:37 IST" name="DeleteCookies" finished-at="2020-11-10T18:35:37 IST" duration-ms="35" status="PASS">
          <reporter-output>
          </reporter-output>
        </test-method> <!-- DeleteCookies -->
        <test-method is-config="true" signature="tearDown()[pri:0, instance:org.AcurusResume.PageTest.LoginTest@13c10b87]" started-at="2020-11-10T18:35:37 IST" name="tearDown" finished-at="2020-11-10T18:35:38 IST" duration-ms="930" status="PASS">
          <reporter-output>
          </reporter-output>
        </test-method> <!-- tearDown -->
      </class> <!-- org.AcurusResume.PageTest.LoginTest -->
    </test> <!-- ResumeTracker -->
  </suite> <!-- AcurusResume -->
</testng-results>
