<?xml version="1.0" encoding="UTF-8"?>
<testsuite xmlns:xsi="http://www.w3.org/2001/XMLSchema-instance" xsi:noNamespaceSchemaLocation="https://maven.apache.org/surefire/maven-surefire-plugin/xsd/surefire-test-report-3.0.xsd" version="3.0" name="TestSuite" time="22.661" tests="1" errors="0" skipped="0" failures="0">
  <properties>
[...]
</properties>
  <testcase name="Logintest" classname="org.AcurusResume.PageTest.LoginTest" time="4.16">
    <system-out><![CDATA[11-10-2020 18:35:20 TestBaseClass.java INFO  [main] AcurusResume 37 - Launch the browser
11-10-2020 18:35:27 LoginTest.java INFO  [main] AcurusResume 15 - URL has opend
11-10-2020 18:35:33 LoginTest.java INFO  [main] AcurusResume 22 - Entered username
11-10-2020 18:35:33 LoginTest.java INFO  [main] AcurusResume 24 - Entered password
11-10-2020 18:35:34 LoginTest.java INFO  [main] AcurusResume 26 - Selected value from dropdown
11-10-2020 18:35:34 LoginTest.java INFO  [main] AcurusResume 28 - Clicked submit button
11-10-2020 18:35:37 LoginTest.java INFO  [main] AcurusResume 30 - Get teh title
11-10-2020 18:35:37 LoginTest.java INFO  [main] AcurusResume 32 - Thru assert condition it's checked
11-10-2020 18:35:37 LoginTest.java INFO  [main] AcurusResume 36 - Login Test Passed
Title Page is :Applicant Tracker
]]></system-out>
    <system-err><![CDATA[ChromeDriver was started successfully.
Nov 10, 2020 6:35:27 PM org.openqa.selenium.remote.ProtocolHandshake createSession
INFO: Detected dialect: W3C
]]></system-err>
  </testcase>
</testsuite>