<?xml version="1.0" encoding="UTF-8"?>
<testsuite xmlns:xsi="http://www.w3.org/2001/XMLSchema-instance" xsi:noNamespaceSchemaLocation="https://maven.apache.org/surefire/maven-surefire-plugin/xsd/surefire-test-report-3.0.xsd" version="3.0" name="TestSuite" time="19.856" tests="1" errors="0" skipped="0" failures="0">
  <properties>
[...]
</properties>
  <testcase name="EduTest" classname="PageTest.EducationTest" time="5.841">
    <system-out><![CDATA[12-29-2020 01:59:08 TestBaseClass.java INFO  [main] AcurusResume 38 - Launch the browser
12-29-2020 01:59:20 EducationTest.java INFO  [main] AcurusResume 25 - Entered Firstname Lastname Middlename
12-29-2020 01:59:21 EducationTest.java INFO  [main] AcurusResume 27 - Entered DOB
Drop Down List has NOT SORTED
Drop Down List has NOT SORTED
]]></system-out>
    <system-err><![CDATA[ChromeDriver was started successfully.
Dec 29, 2020 1:59:15 AM org.openqa.selenium.remote.ProtocolHandshake createSession
INFO: Detected dialect: W3C
]]></system-err>
  </testcase>
</testsuite>