<?xml version="1.0" encoding="UTF-8"?>
<testng-results skipped="0" failed="1" ignored="0" total="1" passed="0">
  <reporter-output>
  </reporter-output>
  <suite name="AcurusResume" duration-ms="4698" started-at="2021-02-09T05:28:00Z" finished-at="2021-02-09T05:28:05Z">
    <groups>
    </groups>
    <test name="ResumeTracker" duration-ms="4698" started-at="2021-02-09T05:28:00Z" finished-at="2021-02-09T05:28:05Z">
      <class name="PageTest.LoginTest">
        <test-method status="PASS" signature="setUp(java.lang.String)[pri:0, instance:PageTest.LoginTest@3b2da18f]" name="setUp" is-config="true" duration-ms="2812" started-at="2021-02-09T05:28:01Z" finished-at="2021-02-09T05:28:03Z">
          <params>
            <param index="0">
              <value>
                <![CDATA[chrome]]>
              </value>
            </param>
          </params>
          <reporter-output>
          </reporter-output>
        </test-method> <!-- setUp -->
        <test-method status="PASS" signature="GetUrl()[pri:0, instance:PageTest.LoginTest@3b2da18f]" name="GetUrl" is-config="true" duration-ms="1664" started-at="2021-02-09T05:28:03Z" finished-at="2021-02-09T05:28:05Z">
          <reporter-output>
          </reporter-output>
        </test-method> <!-- GetUrl -->
        <test-method status="FAIL" signature="Logintest()[pri:0, instance:PageTest.LoginTest@3b2da18f]" name="Logintest" duration-ms="7" started-at="2021-02-09T05:28:05Z" finished-at="2021-02-09T05:28:05Z">
          <exception class="java.lang.AbstractMethodError">
            <full-stacktrace>
              <![CDATA[java.lang.AbstractMethodError
at org.testng.internal.TestListenerHelper.runTestListeners(TestListenerHelper.java:73)
at org.testng.internal.Invoker.runTestListeners(Invoker.java:1389)
at org.testng.internal.Invoker.invokeMethod(Invoker.java:559)
at org.testng.internal.Invoker.invokeTestMethod(Invoker.java:719)
at org.testng.internal.Invoker.invokeTestMethods(Invoker.java:989)
at org.testng.internal.TestMethodWorker.invokeTestMethods(TestMethodWorker.java:125)
at org.testng.internal.TestMethodWorker.run(TestMethodWorker.java:109)
at java.util.concurrent.ThreadPoolExecutor.runWorker(ThreadPoolExecutor.java:1149)
at java.util.concurrent.ThreadPoolExecutor$Worker.run(ThreadPoolExecutor.java:624)
at java.lang.Thread.run(Thread.java:748)
]]>
            </full-stacktrace>
          </exception> <!-- java.lang.AbstractMethodError -->
          <reporter-output>
          </reporter-output>
        </test-method> <!-- Logintest -->
        <test-method status="PASS" signature="DeleteCookies()[pri:0, instance:PageTest.LoginTest@3b2da18f]" name="DeleteCookies" is-config="true" duration-ms="20" started-at="2021-02-09T05:28:05Z" finished-at="2021-02-09T05:28:05Z">
          <reporter-output>
          </reporter-output>
        </test-method> <!-- DeleteCookies -->
      </class> <!-- PageTest.LoginTest -->
    </test> <!-- ResumeTracker -->
  </suite> <!-- AcurusResume -->
</testng-results>
